==============================
Microsim Log File
Run Title: RI_KNN1_method
Date/Time: 2018-11-27 16:43:13
==============================

------------------------------
Parameters used
------------------------------
acs_house_csv : ss16hri.csv
acs_person_csv : ss16pri.csv
ann_hours : NULL
base_bene_level : 0.6
bene_effect : TRUE
bond_elig_adj : 1
bond_uptake : 0.25
clone_factor : 0
cps_csv : CPS2014extract.csv
dependent_allow : 10
earnings : 11520
elig_rule_logic : (earnings & weeks & ann_hours & minsize)
ext_base_effect : TRUE
extend_days : 1
extend_prob : 0.01
extend_prop : 1.01
FEDGOV : FALSE
fmla_csv : fmla_2012_employee_restrict_puf.csv
fmla_protect : TRUE
formula_bene_levels : NULL
formula_prop_cuts : NULL
formula_value_cuts : NULL
full_particip_needer : TRUE
illchild_elig_adj : 1
illchild_uptake : 0.25
illparent_elig_adj : 1
illparent_uptake : 0.25
illspouse_elig_adj : 1
illspouse_uptake : 0.25
impute_method : KNN1
kval : 3
leaveprogram : TRUE
LOCALGOV : FALSE
makelog : TRUE
matdis_elig_adj : 1
matdis_uptake : 0.25
maxlen_bond : 20
maxlen_DI : 150
maxlen_illchild : 20
maxlen_illparent : 20
maxlen_illspouse : 20
maxlen_matdis : 150
maxlen_own : 150
maxlen_PFL : 20
maxlen_total : 150
minsize : NULL
output : RI_KNN1_method
output_stats : state_compar
own_elig_adj : 1
own_uptake : 0.25
random_seed : NULL
sample_num : NULL
sample_prop : NULL
saveDF : FALSE
SELFEMP : FALSE
STATEGOV : FALSE
topoff_minlength : 10
topoff_rate : 0.01
useCSV : TRUE
wait_period : 5
week_bene_cap : 795
week_bene_cap_prop : NULL
week_bene_min : 89
weeks : NULL
weightfactor : 1
xvars : c("widowed", "divorced", "separated", "nevermarried", "female", "agesq", "ltHS", "someCol", "BA", "GradSch", "black", "white", "asian", "hisp", "nochildren")

------------------------------
Results
------------------------------

------------------------------------------------------------------------------------------------------------
Variable                         Population Total   Pop Total Standard Error   Pop Total CI                 
-------------------------------- ------------------ -------------------------- -----------------------------
Participated for own leave       28,558             886                        [ 26,822 30,294 ]            

Participated for illspouse       3,611              290                        [ 3,042 4,180 ]              
leave                                                                                                       

Participated for illchild        3,992              342                        [ 3,321 4,663 ]              
leave                                                                                                       

Participated for illparent       7,605              462                        [ 6,699 8,511 ]              
leave                                                                                                       

Participated for matdis leave    3,747              319                        [ 3,122 4,372 ]              

Participated for bond leave      2,938              312                        [ 2,327 3,549 ]              

Participated for for own         32,039             904                        [ 30,267 33,811 ]            
illness or maternal disability                                                                              
leave                                                                                                       

Participated for ill relative    16,348             688                        [ 15,000 17,696 ]            
or child bonding leave                                                                                      

Participated for any reason      46,592             1,082                      [ 44,471 48,713 ]            

Benefits Received ($), for own   163,786,416        6,512,871                  [ 151,021,189 176,551,642 ]  
illness or maternal disability                                                                              
leave                                                                                                       

Benefits Received ($), for for   20,205,635         1,026,692                  [ 18,193,320 22,217,951 ]    
ill relative or child bonding                                                                               
leave                                                                                                       

Benefits Received ($), total     183,992,051        6,406,440                  [ 171,435,428 196,548,674 ]  
------------------------------------------------------------------------------------------------------------


------------------------------
Runtime
------------------------------
8.523783
