==============================
Microsim Log File
Run Title: RI_logit_method
Date/Time: 2019-02-15 14:44:21
==============================

------------------------------
Parameters used
------------------------------
acs_house_csv : ss16hri.csv
acs_person_csv : ss16pri.csv
ann_hours : NULL
base_bene_level : 0.6
bene_effect : TRUE
bond_elig_adj : 1
bond_uptake : 0.25
clone_factor : 0
cps_csv : CPS2014extract.csv
dependent_allow : 10
earnings : 11520
elig_rule_logic : (earnings & weeks & ann_hours & minsize)
ext_base_effect : TRUE
ext_resp_len : FALSE
extend_days : 1
extend_prob : 0.01
extend_prop : 1.01
FEDGOV : FALSE
fmla_csv : fmla_2012_employee_restrict_puf.csv
fmla_protect : TRUE
formula_bene_levels : NULL
formula_prop_cuts : NULL
formula_value_cuts : NULL
full_particip_needer : TRUE
illchild_elig_adj : 1
illchild_uptake : 0.25
illparent_elig_adj : 1
illparent_uptake : 0.25
illspouse_elig_adj : 1
illspouse_uptake : 0.25
impute_method : logit
intra_impute : TRUE
kval : 3
len_method : mean
LOCALGOV : FALSE
makelog : TRUE
matdis_elig_adj : 1
matdis_uptake : 0.25
maxlen_bond : 20
maxlen_DI : 150
maxlen_illchild : 20
maxlen_illparent : 20
maxlen_illspouse : 20
maxlen_matdis : 150
maxlen_own : 150
maxlen_PFL : 20
maxlen_total : 150
minsize : NULL
output : RI_logit_method
output_stats : state_compar
own_elig_adj : 1
own_uptake : 0.25
progalt_post_or_pre : post
random_seed : 123
sample_num : NULL
sample_prop : NULL
saveCSV : FALSE
saveDF : FALSE
SELFEMP : FALSE
sens_var : resp_len
STATEGOV : FALSE
topoff_minlength : 10
topoff_rate : 0.01
useCSV : TRUE
wait_period : 5
week_bene_cap : 795
week_bene_cap_prop : NULL
week_bene_min : 89
weeks : NULL
weightfactor : 1
xvar_wgts : c(1, 1, 1, 1, 1, 1, 1, 1, 1, 1, 1, 1, 1, 1, 1, 1)
xvars : c("widowed", "divorced", "separated", "nevermarried", "female", "agesq", "ltHS", "someCol", "BA", "GradSch", "black", "other", "asian", "native", "hisp", "nochildren")


------------------------------
Filtered FMLA Sample Size: 68054
Formula: paid_hrly ~ female + black + a_age + agesq + BA + GradSch + occ_1 + occ_3 + occ_5 + occ_7 + occ_8 + occ_9 + occ_10 + ind_5 + ind_8 + ind_11 + ind_12
Filter condition: TRUE
------------------------------


------------------------------
Filtered FMLA Sample Size: 1185
Formula: wks_48_49 ~ age + agesq + lnearn
Filter condition: wks_cat==2
------------------------------


------------------------------
Filtered FMLA Sample Size: 2852
Formula: take_own ~ age + male + lnfaminc + black + hisp + coveligd
Filter condition: TRUE
------------------------------


------------------------------
Filtered FMLA Sample Size: 2054
Formula: take_illspouse ~ 1
Filter condition: nevermarried == 0 & divorced == 0
------------------------------


------------------------------
Filtered FMLA Sample Size: 2852
Formula: take_illchild ~ 1
Filter condition: TRUE
------------------------------


------------------------------
Filtered FMLA Sample Size: 2852
Formula: take_illparent ~ 1
Filter condition: TRUE
------------------------------


------------------------------
Filtered FMLA Sample Size: 639
Formula: take_matdis ~ 1
Filter condition: female == 1 & nochildren == 0
------------------------------


------------------------------
Filtered FMLA Sample Size: 1148
Formula: take_bond ~ 1
Filter condition: nochildren == 0
------------------------------


------------------------------
Filtered FMLA Sample Size: 2852
Formula: need_own ~ age + male + lnfaminc + black + hisp + coveligd
Filter condition: TRUE
------------------------------


------------------------------
Filtered FMLA Sample Size: 2054
Formula: need_illspouse ~ 1
Filter condition: nevermarried == 0 & divorced == 0
------------------------------


------------------------------
Filtered FMLA Sample Size: 2852
Formula: need_illchild ~ 1
Filter condition: TRUE
------------------------------


------------------------------
Filtered FMLA Sample Size: 2852
Formula: need_illparent ~ 1
Filter condition: TRUE
------------------------------


------------------------------
Filtered FMLA Sample Size: 639
Formula: need_matdis ~ 1
Filter condition: female == 1 & nochildren == 0
------------------------------


------------------------------
Filtered FMLA Sample Size: 1148
Formula: need_bond ~ 1
Filter condition: nochildren == 0
------------------------------


------------------------------
Filtered FMLA Sample Size: 2852
Formula: take_own ~ widowed + divorced + separated + nevermarried + female + agesq + ltHS + someCol + BA + GradSch + black + other + asian + native + hisp + nochildren
Filter condition: TRUE
------------------------------


------------------------------
Filtered FMLA Sample Size: 2096
Formula: take_illspouse ~ widowed + divorced + separated + nevermarried + female + agesq + ltHS + someCol + BA + GradSch + black + other + asian + native + hisp + nochildren
Filter condition: nevermarried == 0 & divorced == 0
------------------------------


------------------------------
Filtered FMLA Sample Size: 2852
Formula: take_illchild ~ widowed + divorced + separated + nevermarried + female + agesq + ltHS + someCol + BA + GradSch + black + other + asian + native + hisp + nochildren
Filter condition: TRUE
------------------------------


------------------------------
Filtered FMLA Sample Size: 2852
Formula: take_illparent ~ widowed + divorced + separated + nevermarried + female + agesq + ltHS + someCol + BA + GradSch + black + other + asian + native + hisp + nochildren
Filter condition: TRUE
------------------------------


------------------------------
Filtered FMLA Sample Size: 657
Formula: take_matdis ~ widowed + divorced + separated + nevermarried + female + agesq + ltHS + someCol + BA + GradSch + black + other + asian + native + hisp + nochildren
Filter condition: female == 1 & nochildren == 0
------------------------------


------------------------------
Filtered FMLA Sample Size: 1182
Formula: take_bond ~ widowed + divorced + separated + nevermarried + female + agesq + ltHS + someCol + BA + GradSch + black + other + asian + native + hisp + nochildren
Filter condition: nochildren == 0
------------------------------


------------------------------
Filtered FMLA Sample Size: 2852
Formula: need_own ~ widowed + divorced + separated + nevermarried + female + agesq + ltHS + someCol + BA + GradSch + black + other + asian + native + hisp + nochildren
Filter condition: TRUE
------------------------------


------------------------------
Filtered FMLA Sample Size: 2096
Formula: need_illspouse ~ widowed + divorced + separated + nevermarried + female + agesq + ltHS + someCol + BA + GradSch + black + other + asian + native + hisp + nochildren
Filter condition: nevermarried == 0 & divorced == 0
------------------------------


------------------------------
Filtered FMLA Sample Size: 2852
Formula: need_illchild ~ widowed + divorced + separated + nevermarried + female + agesq + ltHS + someCol + BA + GradSch + black + other + asian + native + hisp + nochildren
Filter condition: TRUE
------------------------------


------------------------------
Filtered FMLA Sample Size: 2852
Formula: need_illparent ~ widowed + divorced + separated + nevermarried + female + agesq + ltHS + someCol + BA + GradSch + black + other + asian + native + hisp + nochildren
Filter condition: TRUE
------------------------------


------------------------------
Filtered FMLA Sample Size: 657
Formula: need_matdis ~ widowed + divorced + separated + nevermarried + female + agesq + ltHS + someCol + BA + GradSch + black + other + asian + native + hisp + nochildren
Filter condition: female == 1 & nochildren == 0
------------------------------


------------------------------
Filtered FMLA Sample Size: 1182
Formula: need_bond ~ widowed + divorced + separated + nevermarried + female + agesq + ltHS + someCol + BA + GradSch + black + other + asian + native + hisp + nochildren
Filter condition: nochildren == 0
------------------------------


------------------------------
Filtered FMLA Sample Size: 2852
Formula: resp_len ~ widowed + divorced + separated + nevermarried + female + agesq + ltHS + someCol + BA + GradSch + black + other + asian + native + hisp + nochildren
Filter condition: TRUE
------------------------------


------------------------------
Filtered FMLA Sample Size: 2852
Formula: unaffordable ~ widowed + divorced + separated + nevermarried + female + agesq + ltHS + someCol + BA + GradSch + black + other + asian + native + hisp + nochildren
Filter condition: TRUE
------------------------------


------------------------------
Filtered FMLA Sample Size: 727
Formula: Random draw from variable length_own
Filter condition: length_own>0 & is.na(length_own)==FALSE
Weighted mean of var: 36.0293772471254
------------------------------


------------------------------
Filtered FMLA Sample Size: 98
Formula: Random draw from variable length_illspouse
Filter condition: length_illspouse>0 & is.na(length_illspouse)==FALSE & nevermarried == 0 & divorced == 0
Weighted mean of var: 18.4875146626663
------------------------------


------------------------------
Filtered FMLA Sample Size: 69
Formula: Random draw from variable length_illchild
Filter condition: length_illchild>0 & is.na(length_illchild)==FALSE
Weighted mean of var: 11.7378597147995
------------------------------


------------------------------
Filtered FMLA Sample Size: 120
Formula: Random draw from variable length_illparent
Filter condition: length_illparent>0 & is.na(length_illparent)==FALSE
Weighted mean of var: 19.511075017879
------------------------------


------------------------------
Filtered FMLA Sample Size: 99
Formula: Random draw from variable length_matdis
Filter condition: length_matdis>0 & is.na(length_matdis)==FALSE & female == 1 & nochildren == 0
Weighted mean of var: 66.285785624834
------------------------------


------------------------------
Filtered FMLA Sample Size: 102
Formula: Random draw from variable length_bond
Filter condition: length_bond>0 & is.na(length_bond)==FALSE & nochildren == 0
Weighted mean of var: 30.1891572638654
------------------------------


------------------------------
Filtered FMLA Sample Size: 2852
Formula: longerLeave ~ age + agesq + female
Filter condition: TRUE
------------------------------

------------------------------
Results
------------------------------

------------------------------------------------------------------------------------------------------------
Variable                         Population Total   Pop Total Standard Error   Pop Total CI                 
-------------------------------- ------------------ -------------------------- -----------------------------
Participated for own leave       4,305              395                        [ 3,531 , 5,079 ]            

Participated for illspouse       289                87                         [ 118 , 460 ]                
leave                                                                                                       

Participated for illchild        354                100                        [ 157 , 551 ]                
leave                                                                                                       

Participated for illparent       872                153                        [ 572 , 1,172 ]              
leave                                                                                                       

Participated for matdis leave    1,208              176                        [ 862 , 1,554 ]              

Participated for bond leave      601                138                        [ 330 , 872 ]                

Participated for for own         5,431              407                        [ 4,633 , 6,229 ]            
illness or maternal disability                                                                              
leave                                                                                                       

Participated for ill relative    2,078              207                        [ 1,673 , 2,483 ]            
or child bonding leave                                                                                      

Participated for any reason      7,323              468                        [ 6,406 , 8,240 ]            

Benefits Received ($), for own   18,882,110         2,157,223                  [ 14,653,952 , 23,110,267 ]  
illness or maternal disability                                                                              
leave                                                                                                       

Benefits Received ($), for for   2,217,124          306,831                    [ 1,615,735 , 2,818,513 ]    
ill relative or child bonding                                                                               
leave                                                                                                       

Benefits Received ($), total     21,099,233         2,229,429                  [ 16,729,553 , 25,468,914 ]  
------------------------------------------------------------------------------------------------------------


------------------------------
Runtime
------------------------------
56.23928
