==============================
Microsim Log File
Run Title: RI_NB_method
Date/Time: 2018-11-27 16:31:46
==============================

------------------------------
Parameters used
------------------------------
acs_house_csv : ss16hri.csv
acs_person_csv : ss16pri.csv
ann_hours : NULL
base_bene_level : 0.6
bene_effect : TRUE
bond_elig_adj : 1
bond_uptake : 0.25
clone_factor : 0
cps_csv : CPS2014extract.csv
dependent_allow : 10
earnings : 11520
elig_rule_logic : (earnings & weeks & ann_hours & minsize)
ext_base_effect : TRUE
extend_days : 1
extend_prob : 0.01
extend_prop : 1.01
FEDGOV : FALSE
fmla_csv : fmla_2012_employee_restrict_puf.csv
fmla_protect : TRUE
formula_bene_levels : NULL
formula_prop_cuts : NULL
formula_value_cuts : NULL
full_particip_needer : TRUE
illchild_elig_adj : 1
illchild_uptake : 0.25
illparent_elig_adj : 1
illparent_uptake : 0.25
illspouse_elig_adj : 1
illspouse_uptake : 0.25
impute_method : Naive_Bayes
kval : 3
leaveprogram : TRUE
LOCALGOV : FALSE
makelog : TRUE
matdis_elig_adj : 1
matdis_uptake : 0.25
maxlen_bond : 20
maxlen_DI : 150
maxlen_illchild : 20
maxlen_illparent : 20
maxlen_illspouse : 20
maxlen_matdis : 150
maxlen_own : 150
maxlen_PFL : 20
maxlen_total : 150
minsize : NULL
output : RI_NB_method
output_stats : state_compar
own_elig_adj : 1
own_uptake : 0.25
random_seed : NULL
sample_num : NULL
sample_prop : NULL
saveDF : FALSE
SELFEMP : FALSE
STATEGOV : FALSE
topoff_minlength : 10
topoff_rate : 0.01
useCSV : TRUE
wait_period : 5
week_bene_cap : 795
week_bene_cap_prop : NULL
week_bene_min : 89
weeks : NULL
weightfactor : 1
xvars : c("widowed", "divorced", "separated", "nevermarried", "female", "agesq", "ltHS", "someCol", "BA", "GradSch", "black", "white", "asian", "hisp", "nochildren")

------------------------------
Results
------------------------------

--------------------------------------------------------------------------------------------------------------
Variable                         Population Total   Pop Total Standard Error   Pop Total CI                   
-------------------------------- ------------------ -------------------------- -------------------------------
Participated for own leave       148,057            1,956                      [ 144,224 151,890 ]            

Participated for illspouse       431                113                        [ 209 653 ]                    
leave                                                                                                         

Participated for illchild        35,136             819                        [ 33,530 36,742 ]              
leave                                                                                                         

Participated for illparent       118,544            1,699                      [ 115,213 121,875 ]            
leave                                                                                                         

Participated for matdis leave    25,277             804                        [ 23,702 26,852 ]              

Participated for bond leave      5,702              427                        [ 4,864 6,540 ]                

Participated for for own         150,811            1,978                      [ 146,933 154,689 ]            
illness or maternal disability                                                                                
leave                                                                                                         

Participated for ill relative    129,749            1,775                      [ 126,270 133,228 ]            
or child bonding leave                                                                                        

Participated for any reason      169,556            2,010                      [ 165,617 173,495 ]            

Benefits Received ($), for own   1,013,713,326      18,020,038                 [ 978,394,053 1,049,032,600 ]  
illness or maternal disability                                                                                
leave                                                                                                         

Benefits Received ($), for for   186,561,112        2,904,808                  [ 180,867,688 192,254,535 ]    
ill relative or child bonding                                                                                 
leave                                                                                                         

Benefits Received ($), total     1,200,274,438      19,989,648                 [ 1,161,094,728 1,239,454,148  
                                                                               ]                              
--------------------------------------------------------------------------------------------------------------


------------------------------
Runtime
------------------------------
